<?xml version="1.0" encoding="utf-8"?><testsuites name="pytest tests"><testsuite name="pytest" errors="0" failures="0" skipped="0" tests="31" time="3.539" timestamp="2026-09-21T09:56:05.720695+00:00" hostname="agent-env-b27da0aa-b09d-4183-a422-b5d1203d1bde"><testcase classname="tests.test_afterglow_api.TestAuth" name="test_signup_success" time="0.228" /><testcase classname="tests.test_iteration2_features.TestPremiumEndpoints" name="test_checkout_creates_session" time="0.748" /><testcase classname="tests.test_afterglow_api.TestAuth" name="test_signup_duplicate" time="0.120" /><testcase classname="tests.test_afterglow_api.TestAuth" name="test_signup_short_password" time="0.067" /><testcase classname="tests.test_afterglow_api.TestAuth" name="test_login_success" time="0.107" /><testcase classname="tests.test_afterglow_api.TestAuth" name="test_login_wrong_password" time="0.103" /><testcase classname="tests.test_afterglow_api.TestAuth" name="test_me_requires_auth" time="0.066" /><testcase classname="tests.test_iteration2_features.TestPremiumEndpoints" name="test_status_unpaid_for_owner" time="0.281" /><testcase classname="tests.test_afterglow_api.TestAuth" name="test_me_ok" time="0.169" /><testcase classname="tests.test_afterglow_api.TestWaves" name="test_send_and_receive_wave" time="0.401" /><testcase classname="tests.test_iteration2_features.TestPremiumEndpoints" name="test_status_forbidden_for_other_user" time="0.155" /><testcase classname="tests.test_iteration2_features.TestPremiumEndpoints" name="test_confirm_no_auth_ok" time="0.238" /><testcase classname="tests.test_afterglow_api.TestWaves" name="test_self_wave_400" time="0.135" /><testcase classname="tests.test_afterglow_api.TestWaves" name="test_wave_invalid_target_404" time="0.108" /><testcase classname="tests.test_iteration2_features.TestPremiumEndpoints" name="test_confirm_bogus_session" time="0.265" /><testcase classname="tests.test_iteration2_features.TestDailyPrompt" name="test_requires_auth" time="0.116" /><testcase classname="tests.test_iteration2_features.TestDailyPrompt" name="test_returns_prompt" time="0.173" /><testcase classname="tests.test_iteration2_features.TestDailyPrompt" name="test_same_prompt_on_repeated_calls" time="0.311" /><testcase classname="tests.test_afterglow_api.TestMessaging" name="test_send_and_list_messages" time="0.636" /><testcase classname="tests.test_iteration2_features.TestProfilePhoto" name="test_reject_non_image" time="0.073" /><testcase classname="tests.test_iteration2_features.TestProfilePhoto" name="test_upload_jpeg_and_serve" time="0.635" /><testcase classname="tests.test_afterglow_api.TestMessaging" name="test_conversations_list" time="0.067" /><testcase classname="tests.test_afterglow_api.TestMessaging" name="test_self_message_400" time="0.156" /><testcase classname="tests.test_iteration2_features" name="test_login_returns_is_premium" time="0.155" /><testcase classname="tests.test_iteration2_features" name="test_members_include_photo_and_premium" time="0.175" /><testcase classname="tests.test_iteration2_features.TestProfilePhoto" name="test_files_unknown_404" time="0.066" /><testcase classname="tests.test_afterglow_api" name="test_health" time="0.064" /><testcase classname="tests.test_afterglow_api.TestGatherings" name="test_list_gatherings" time="0.068" /><testcase classname="tests.test_afterglow_api.TestProfile" name="test_update_and_persist" time="0.130" /><testcase classname="tests.test_afterglow_api.TestGatherings" name="test_gatherings_requires_auth" time="0.070" /><testcase classname="tests.test_afterglow_api.TestMembers" name="test_list_excludes_self_and_leaks" time="0.129" /></testsuite></testsuites>