<?xml version="1.0" encoding="utf-8"?><testsuites name="pytest tests"><testsuite name="pytest" errors="0" failures="0" skipped="0" tests="13" time="2.321" timestamp="2026-09-21T09:55:59.428776+00:00" hostname="agent-env-b27da0aa-b09d-4183-a422-b5d1203d1bde"><testcase classname="tests.test_iteration2_features.TestDailyPrompt" name="test_requires_auth" time="0.216" /><testcase classname="tests.test_iteration2_features.TestPremiumEndpoints" name="test_checkout_creates_session" time="0.928" /><testcase classname="tests.test_iteration2_features.TestDailyPrompt" name="test_returns_prompt" time="0.201" /><testcase classname="tests.test_iteration2_features.TestDailyPrompt" name="test_same_prompt_on_repeated_calls" time="0.268" /><testcase classname="tests.test_iteration2_features.TestProfilePhoto" name="test_reject_non_image" time="0.061" /><testcase classname="tests.test_iteration2_features.TestProfilePhoto" name="test_upload_jpeg_and_serve" time="0.506" /><testcase classname="tests.test_iteration2_features.TestPremiumEndpoints" name="test_status_unpaid_for_owner" time="0.343" /><testcase classname="tests.test_iteration2_features.TestProfilePhoto" name="test_files_unknown_404" time="0.061" /><testcase classname="tests.test_iteration2_features" name="test_login_returns_is_premium" time="0.137" /><testcase classname="tests.test_iteration2_features.TestPremiumEndpoints" name="test_status_forbidden_for_other_user" time="0.164" /><testcase classname="tests.test_iteration2_features.TestPremiumEndpoints" name="test_confirm_no_auth_ok" time="0.275" /><testcase classname="tests.test_iteration2_features" name="test_members_include_photo_and_premium" time="0.063" /><testcase classname="tests.test_iteration2_features.TestPremiumEndpoints" name="test_confirm_bogus_session" time="0.269" /></testsuite></testsuites>