<?xml version="1.0" encoding="utf-8"?><testsuites name="pytest tests"><testsuite name="pytest" errors="0" failures="0" skipped="0" tests="18" time="1.912" timestamp="2026-09-21T09:37:04.467846+00:00" hostname="agent-env-b27da0aa-b09d-4183-a422-b5d1203d1bde"><testcase classname="tests.test_afterglow_api.TestAuth" name="test_signup_success" time="0.258" /><testcase classname="tests.test_afterglow_api.TestAuth" name="test_signup_duplicate" time="0.132" /><testcase classname="tests.test_afterglow_api.TestWaves" name="test_send_and_receive_wave" time="0.678" /><testcase classname="tests.test_afterglow_api.TestAuth" name="test_signup_short_password" time="0.057" /><testcase classname="tests.test_afterglow_api.TestAuth" name="test_login_success" time="0.095" /><testcase classname="tests.test_afterglow_api.TestAuth" name="test_login_wrong_password" time="0.095" /><testcase classname="tests.test_afterglow_api.TestAuth" name="test_me_requires_auth" time="0.102" /><testcase classname="tests.test_afterglow_api.TestWaves" name="test_self_wave_400" time="0.117" /><testcase classname="tests.test_afterglow_api.TestWaves" name="test_wave_invalid_target_404" time="0.060" /><testcase classname="tests.test_afterglow_api.TestGatherings" name="test_list_gatherings" time="0.059" /><testcase classname="tests.test_afterglow_api.TestAuth" name="test_me_ok" time="0.197" /><testcase classname="tests.test_afterglow_api.TestGatherings" name="test_gatherings_requires_auth" time="0.054" /><testcase classname="tests.test_afterglow_api" name="test_health" time="0.066" /><testcase classname="tests.test_afterglow_api.TestProfile" name="test_update_and_persist" time="0.164" /><testcase classname="tests.test_afterglow_api.TestMessaging" name="test_send_and_list_messages" time="0.441" /><testcase classname="tests.test_afterglow_api.TestMembers" name="test_list_excludes_self_and_leaks" time="0.119" /><testcase classname="tests.test_afterglow_api.TestMessaging" name="test_conversations_list" time="0.062" /><testcase classname="tests.test_afterglow_api.TestMessaging" name="test_self_message_400" time="0.117" /></testsuite></testsuites>